  TileEntity.cpp
c:\users\530\desktop\sp3\nyp_framework\common\source\mymath.h(265): warning C4018: '<' : signed/unsigned mismatch
c:\users\530\desktop\sp3\nyp_framework\common\source\mymath.h(284): warning C4244: 'return' : conversion from 'unsigned __int64' to 'int', possible loss of data
c:\users\530\desktop\sp3\nyp_framework\common\source\mymath.h(300): warning C4244: 'return' : conversion from 'unsigned __int64' to 'int', possible loss of data
c:\users\530\desktop\sp3\nyp_framework\common\source\mymath.h(347): warning C4018: '<=' : signed/unsigned mismatch
c:\users\530\desktop\sp3\nyp_framework\common\source\mymath.h(369): warning C4244: 'return' : conversion from 'double' to 'int', possible loss of data
c:\users\530\desktop\sp3\nyp_framework\common\source\mymath.h(389): warning C4018: '<=' : signed/unsigned mismatch
  TextEntity.cpp
c:\users\530\desktop\sp3\nyp_framework\common\source\mymath.h(265): warning C4018: '<' : signed/unsigned mismatch
c:\users\530\desktop\sp3\nyp_framework\common\source\mymath.h(284): warning C4244: 'return' : conversion from 'unsigned __int64' to 'int', possible loss of data
c:\users\530\desktop\sp3\nyp_framework\common\source\mymath.h(300): warning C4244: 'return' : conversion from 'unsigned __int64' to 'int', possible loss of data
c:\users\530\desktop\sp3\nyp_framework\common\source\mymath.h(347): warning C4018: '<=' : signed/unsigned mismatch
c:\users\530\desktop\sp3\nyp_framework\common\source\mymath.h(369): warning C4244: 'return' : conversion from 'double' to 'int', possible loss of data
c:\users\530\desktop\sp3\nyp_framework\common\source\mymath.h(389): warning C4018: '<=' : signed/unsigned mismatch
  SkyBoxEntity.cpp
c:\users\530\desktop\sp3\nyp_framework\common\source\mymath.h(265): warning C4018: '<' : signed/unsigned mismatch
c:\users\530\desktop\sp3\nyp_framework\common\source\mymath.h(284): warning C4244: 'return' : conversion from 'unsigned __int64' to 'int', possible loss of data
c:\users\530\desktop\sp3\nyp_framework\common\source\mymath.h(300): warning C4244: 'return' : conversion from 'unsigned __int64' to 'int', possible loss of data
c:\users\530\desktop\sp3\nyp_framework\common\source\mymath.h(347): warning C4018: '<=' : signed/unsigned mismatch
c:\users\530\desktop\sp3\nyp_framework\common\source\mymath.h(369): warning C4244: 'return' : conversion from 'double' to 'int', possible loss of data
c:\users\530\desktop\sp3\nyp_framework\common\source\mymath.h(389): warning C4018: '<=' : signed/unsigned mismatch
  SceneText.cpp
c:\users\530\desktop\sp3\nyp_framework\common\source\mymath.h(265): warning C4018: '<' : signed/unsigned mismatch
c:\users\530\desktop\sp3\nyp_framework\common\source\mymath.h(284): warning C4244: 'return' : conversion from 'unsigned __int64' to 'int', possible loss of data
c:\users\530\desktop\sp3\nyp_framework\common\source\mymath.h(300): warning C4244: 'return' : conversion from 'unsigned __int64' to 'int', possible loss of data
c:\users\530\desktop\sp3\nyp_framework\common\source\mymath.h(347): warning C4018: '<=' : signed/unsigned mismatch
c:\users\530\desktop\sp3\nyp_framework\common\source\mymath.h(369): warning C4244: 'return' : conversion from 'double' to 'int', possible loss of data
c:\users\530\desktop\sp3\nyp_framework\common\source\mymath.h(389): warning C4018: '<=' : signed/unsigned mismatch
c:\users\530\desktop\sp3\nyp_framework\base\source\scenetext.cpp(118): warning C4101: 'a' : unreferenced local variable
c:\users\530\desktop\sp3\nyp_framework\base\source\scenetext.cpp(169): warning C4244: 'argument' : conversion from 'double' to 'const float', possible loss of data
  PlayerInfo.cpp
c:\users\530\desktop\sp3\nyp_framework\common\source\mymath.h(265): warning C4018: '<' : signed/unsigned mismatch
c:\users\530\desktop\sp3\nyp_framework\common\source\mymath.h(284): warning C4244: 'return' : conversion from 'unsigned __int64' to 'int', possible loss of data
c:\users\530\desktop\sp3\nyp_framework\common\source\mymath.h(300): warning C4244: 'return' : conversion from 'unsigned __int64' to 'int', possible loss of data
c:\users\530\desktop\sp3\nyp_framework\common\source\mymath.h(347): warning C4018: '<=' : signed/unsigned mismatch
c:\users\530\desktop\sp3\nyp_framework\common\source\mymath.h(369): warning C4244: 'return' : conversion from 'double' to 'int', possible loss of data
c:\users\530\desktop\sp3\nyp_framework\common\source\mymath.h(389): warning C4018: '<=' : signed/unsigned mismatch
  OBJMesh.cpp
c:\users\530\desktop\sp3\nyp_framework\common\source\mymath.h(265): warning C4018: '<' : signed/unsigned mismatch
c:\users\530\desktop\sp3\nyp_framework\common\source\mymath.h(284): warning C4244: 'return' : conversion from 'unsigned __int64' to 'int', possible loss of data
c:\users\530\desktop\sp3\nyp_framework\common\source\mymath.h(300): warning C4244: 'return' : conversion from 'unsigned __int64' to 'int', possible loss of data
c:\users\530\desktop\sp3\nyp_framework\common\source\mymath.h(347): warning C4018: '<=' : signed/unsigned mismatch
c:\users\530\desktop\sp3\nyp_framework\common\source\mymath.h(369): warning C4244: 'return' : conversion from 'double' to 'int', possible loss of data
c:\users\530\desktop\sp3\nyp_framework\common\source\mymath.h(389): warning C4018: '<=' : signed/unsigned mismatch
  main.cpp
  Light.cpp
c:\users\530\desktop\sp3\nyp_framework\common\source\mymath.h(265): warning C4018: '<' : signed/unsigned mismatch
c:\users\530\desktop\sp3\nyp_framework\common\source\mymath.h(284): warning C4244: 'return' : conversion from 'unsigned __int64' to 'int', possible loss of data
c:\users\530\desktop\sp3\nyp_framework\common\source\mymath.h(300): warning C4244: 'return' : conversion from 'unsigned __int64' to 'int', possible loss of data
c:\users\530\desktop\sp3\nyp_framework\common\source\mymath.h(347): warning C4018: '<=' : signed/unsigned mismatch
c:\users\530\desktop\sp3\nyp_framework\common\source\mymath.h(369): warning C4244: 'return' : conversion from 'double' to 'int', possible loss of data
c:\users\530\desktop\sp3\nyp_framework\common\source\mymath.h(389): warning C4018: '<=' : signed/unsigned mismatch
  Mouse.cpp
c:\users\530\desktop\sp3\nyp_framework\common\source\mymath.h(265): warning C4018: '<' : signed/unsigned mismatch
c:\users\530\desktop\sp3\nyp_framework\common\source\mymath.h(284): warning C4244: 'return' : conversion from 'unsigned __int64' to 'int', possible loss of data
c:\users\530\desktop\sp3\nyp_framework\common\source\mymath.h(300): warning C4244: 'return' : conversion from 'unsigned __int64' to 'int', possible loss of data
c:\users\530\desktop\sp3\nyp_framework\common\source\mymath.h(347): warning C4018: '<=' : signed/unsigned mismatch
c:\users\530\desktop\sp3\nyp_framework\common\source\mymath.h(369): warning C4244: 'return' : conversion from 'double' to 'int', possible loss of data
c:\users\530\desktop\sp3\nyp_framework\common\source\mymath.h(389): warning C4018: '<=' : signed/unsigned mismatch
  Keyboard.cpp
c:\users\530\desktop\sp3\nyp_framework\common\source\mymath.h(265): warning C4018: '<' : signed/unsigned mismatch
c:\users\530\desktop\sp3\nyp_framework\common\source\mymath.h(284): warning C4244: 'return' : conversion from 'unsigned __int64' to 'int', possible loss of data
c:\users\530\desktop\sp3\nyp_framework\common\source\mymath.h(300): warning C4244: 'return' : conversion from 'unsigned __int64' to 'int', possible loss of data
c:\users\530\desktop\sp3\nyp_framework\common\source\mymath.h(347): warning C4018: '<=' : signed/unsigned mismatch
c:\users\530\desktop\sp3\nyp_framework\common\source\mymath.h(369): warning C4244: 'return' : conversion from 'double' to 'int', possible loss of data
c:\users\530\desktop\sp3\nyp_framework\common\source\mymath.h(389): warning C4018: '<=' : signed/unsigned mismatch
  Controller.cpp
c:\users\530\desktop\sp3\nyp_framework\common\source\mymath.h(265): warning C4018: '<' : signed/unsigned mismatch
c:\users\530\desktop\sp3\nyp_framework\common\source\mymath.h(284): warning C4244: 'return' : conversion from 'unsigned __int64' to 'int', possible loss of data
c:\users\530\desktop\sp3\nyp_framework\common\source\mymath.h(300): warning C4244: 'return' : conversion from 'unsigned __int64' to 'int', possible loss of data
c:\users\530\desktop\sp3\nyp_framework\common\source\mymath.h(347): warning C4018: '<=' : signed/unsigned mismatch
c:\users\530\desktop\sp3\nyp_framework\common\source\mymath.h(369): warning C4244: 'return' : conversion from 'double' to 'int', possible loss of data
c:\users\530\desktop\sp3\nyp_framework\common\source\mymath.h(389): warning C4018: '<=' : signed/unsigned mismatch
c:\users\530\desktop\sp3\nyp_framework\base\source\hardwareabstraction\controller.cpp(36): warning C4114: same type qualifier used more than once
  GroundEntity.cpp
c:\users\530\desktop\sp3\nyp_framework\common\source\mymath.h(265): warning C4018: '<' : signed/unsigned mismatch
c:\users\530\desktop\sp3\nyp_framework\common\source\mymath.h(284): warning C4244: 'return' : conversion from 'unsigned __int64' to 'int', possible loss of data
c:\users\530\desktop\sp3\nyp_framework\common\source\mymath.h(300): warning C4244: 'return' : conversion from 'unsigned __int64' to 'int', possible loss of data
c:\users\530\desktop\sp3\nyp_framework\common\source\mymath.h(347): warning C4018: '<=' : signed/unsigned mismatch
c:\users\530\desktop\sp3\nyp_framework\common\source\mymath.h(369): warning C4244: 'return' : conversion from 'double' to 'int', possible loss of data
c:\users\530\desktop\sp3\nyp_framework\common\source\mymath.h(389): warning C4018: '<=' : signed/unsigned mismatch
  GenericEntity.cpp
c:\users\530\desktop\sp3\nyp_framework\common\source\mymath.h(265): warning C4018: '<' : signed/unsigned mismatch
c:\users\530\desktop\sp3\nyp_framework\common\source\mymath.h(284): warning C4244: 'return' : conversion from 'unsigned __int64' to 'int', possible loss of data
c:\users\530\desktop\sp3\nyp_framework\common\source\mymath.h(300): warning C4244: 'return' : conversion from 'unsigned __int64' to 'int', possible loss of data
c:\users\530\desktop\sp3\nyp_framework\common\source\mymath.h(347): warning C4018: '<=' : signed/unsigned mismatch
c:\users\530\desktop\sp3\nyp_framework\common\source\mymath.h(369): warning C4244: 'return' : conversion from 'double' to 'int', possible loss of data
c:\users\530\desktop\sp3\nyp_framework\common\source\mymath.h(389): warning C4018: '<=' : signed/unsigned mismatch
  FPSCamera.cpp
c:\users\530\desktop\sp3\nyp_framework\common\source\mymath.h(265): warning C4018: '<' : signed/unsigned mismatch
c:\users\530\desktop\sp3\nyp_framework\common\source\mymath.h(284): warning C4244: 'return' : conversion from 'unsigned __int64' to 'int', possible loss of data
c:\users\530\desktop\sp3\nyp_framework\common\source\mymath.h(300): warning C4244: 'return' : conversion from 'unsigned __int64' to 'int', possible loss of data
c:\users\530\desktop\sp3\nyp_framework\common\source\mymath.h(347): warning C4018: '<=' : signed/unsigned mismatch
c:\users\530\desktop\sp3\nyp_framework\common\source\mymath.h(369): warning C4244: 'return' : conversion from 'double' to 'int', possible loss of data
c:\users\530\desktop\sp3\nyp_framework\common\source\mymath.h(389): warning C4018: '<=' : signed/unsigned mismatch
  EntityManager.cpp
c:\users\530\desktop\sp3\nyp_framework\common\source\mymath.h(265): warning C4018: '<' : signed/unsigned mismatch
c:\users\530\desktop\sp3\nyp_framework\common\source\mymath.h(284): warning C4244: 'return' : conversion from 'unsigned __int64' to 'int', possible loss of data
c:\users\530\desktop\sp3\nyp_framework\common\source\mymath.h(300): warning C4244: 'return' : conversion from 'unsigned __int64' to 'int', possible loss of data
c:\users\530\desktop\sp3\nyp_framework\common\source\mymath.h(347): warning C4018: '<=' : signed/unsigned mismatch
c:\users\530\desktop\sp3\nyp_framework\common\source\mymath.h(369): warning C4244: 'return' : conversion from 'double' to 'int', possible loss of data
c:\users\530\desktop\sp3\nyp_framework\common\source\mymath.h(389): warning C4018: '<=' : signed/unsigned mismatch
  EntityLivingBase.cpp
c:\users\530\desktop\sp3\nyp_framework\common\source\mymath.h(265): warning C4018: '<' : signed/unsigned mismatch
c:\users\530\desktop\sp3\nyp_framework\common\source\mymath.h(284): warning C4244: 'return' : conversion from 'unsigned __int64' to 'int', possible loss of data
c:\users\530\desktop\sp3\nyp_framework\common\source\mymath.h(300): warning C4244: 'return' : conversion from 'unsigned __int64' to 'int', possible loss of data
c:\users\530\desktop\sp3\nyp_framework\common\source\mymath.h(347): warning C4018: '<=' : signed/unsigned mismatch
c:\users\530\desktop\sp3\nyp_framework\common\source\mymath.h(369): warning C4244: 'return' : conversion from 'double' to 'int', possible loss of data
c:\users\530\desktop\sp3\nyp_framework\common\source\mymath.h(389): warning C4018: '<=' : signed/unsigned mismatch
  EntityDeadBase.cpp
c:\users\530\desktop\sp3\nyp_framework\common\source\mymath.h(265): warning C4018: '<' : signed/unsigned mismatch
c:\users\530\desktop\sp3\nyp_framework\common\source\mymath.h(284): warning C4244: 'return' : conversion from 'unsigned __int64' to 'int', possible loss of data
c:\users\530\desktop\sp3\nyp_framework\common\source\mymath.h(300): warning C4244: 'return' : conversion from 'unsigned __int64' to 'int', possible loss of data
c:\users\530\desktop\sp3\nyp_framework\common\source\mymath.h(347): warning C4018: '<=' : signed/unsigned mismatch
c:\users\530\desktop\sp3\nyp_framework\common\source\mymath.h(369): warning C4244: 'return' : conversion from 'double' to 'int', possible loss of data
c:\users\530\desktop\sp3\nyp_framework\common\source\mymath.h(389): warning C4018: '<=' : signed/unsigned mismatch
  CollisionManager.cpp
c:\users\530\desktop\sp3\nyp_framework\common\source\mymath.h(265): warning C4018: '<' : signed/unsigned mismatch
c:\users\530\desktop\sp3\nyp_framework\common\source\mymath.h(284): warning C4244: 'return' : conversion from 'unsigned __int64' to 'int', possible loss of data
c:\users\530\desktop\sp3\nyp_framework\common\source\mymath.h(300): warning C4244: 'return' : conversion from 'unsigned __int64' to 'int', possible loss of data
c:\users\530\desktop\sp3\nyp_framework\common\source\mymath.h(347): warning C4018: '<=' : signed/unsigned mismatch
c:\users\530\desktop\sp3\nyp_framework\common\source\mymath.h(369): warning C4244: 'return' : conversion from 'double' to 'int', possible loss of data
c:\users\530\desktop\sp3\nyp_framework\common\source\mymath.h(389): warning C4018: '<=' : signed/unsigned mismatch
  Application.cpp
c:\users\530\desktop\sp3\nyp_framework\common\source\mymath.h(265): warning C4018: '<' : signed/unsigned mismatch
c:\users\530\desktop\sp3\nyp_framework\common\source\mymath.h(284): warning C4244: 'return' : conversion from 'unsigned __int64' to 'int', possible loss of data
c:\users\530\desktop\sp3\nyp_framework\common\source\mymath.h(300): warning C4244: 'return' : conversion from 'unsigned __int64' to 'int', possible loss of data
c:\users\530\desktop\sp3\nyp_framework\common\source\mymath.h(347): warning C4018: '<=' : signed/unsigned mismatch
c:\users\530\desktop\sp3\nyp_framework\common\source\mymath.h(369): warning C4244: 'return' : conversion from 'double' to 'int', possible loss of data
c:\users\530\desktop\sp3\nyp_framework\common\source\mymath.h(389): warning C4018: '<=' : signed/unsigned mismatch
  Generating Code...
c:\users\530\desktop\sp3\nyp_framework\base\source\hardwareabstraction\keyboard.cpp(52): warning C4715: 'Keyboard::Read' : not all control paths return a value
Application.obj : warning LNK4075: ignoring '/EDITANDCONTINUE' due to '/OPT:LBR' specification
LINK : warning LNK4098: defaultlib 'MSVCRT' conflicts with use of other libs; use /NODEFAULTLIB:library
Common.lib(CameraBase.obj) : warning LNK4099: PDB 'vc120.pdb' was not found with 'Common.lib(CameraBase.obj)' or at 'C:\Users\530\Desktop\SP3\NYP_Framework\Debug\vc120.pdb'; linking object as if no debug info
Common.lib(Collider.obj) : warning LNK4099: PDB 'vc120.pdb' was not found with 'Common.lib(Collider.obj)' or at 'C:\Users\530\Desktop\SP3\NYP_Framework\Debug\vc120.pdb'; linking object as if no debug info
Common.lib(EntityBase.obj) : warning LNK4099: PDB 'vc120.pdb' was not found with 'Common.lib(EntityBase.obj)' or at 'C:\Users\530\Desktop\SP3\NYP_Framework\Debug\vc120.pdb'; linking object as if no debug info
Common.lib(GraphicsManager.obj) : warning LNK4099: PDB 'vc120.pdb' was not found with 'Common.lib(GraphicsManager.obj)' or at 'C:\Users\530\Desktop\SP3\NYP_Framework\Debug\vc120.pdb'; linking object as if no debug info
Common.lib(KeyboardController.obj) : warning LNK4099: PDB 'vc120.pdb' was not found with 'Common.lib(KeyboardController.obj)' or at 'C:\Users\530\Desktop\SP3\NYP_Framework\Debug\vc120.pdb'; linking object as if no debug info
Common.lib(LightBase.obj) : warning LNK4099: PDB 'vc120.pdb' was not found with 'Common.lib(LightBase.obj)' or at 'C:\Users\530\Desktop\SP3\NYP_Framework\Debug\vc120.pdb'; linking object as if no debug info
Common.lib(LoadOBJ.obj) : warning LNK4099: PDB 'vc120.pdb' was not found with 'Common.lib(LoadOBJ.obj)' or at 'C:\Users\530\Desktop\SP3\NYP_Framework\Debug\vc120.pdb'; linking object as if no debug info
Common.lib(LoadTGA.obj) : warning LNK4099: PDB 'vc120.pdb' was not found with 'Common.lib(LoadTGA.obj)' or at 'C:\Users\530\Desktop\SP3\NYP_Framework\Debug\vc120.pdb'; linking object as if no debug info
Common.lib(MatrixStack.obj) : warning LNK4099: PDB 'vc120.pdb' was not found with 'Common.lib(MatrixStack.obj)' or at 'C:\Users\530\Desktop\SP3\NYP_Framework\Debug\vc120.pdb'; linking object as if no debug info
Common.lib(Mesh.obj) : warning LNK4099: PDB 'vc120.pdb' was not found with 'Common.lib(Mesh.obj)' or at 'C:\Users\530\Desktop\SP3\NYP_Framework\Debug\vc120.pdb'; linking object as if no debug info
Common.lib(MeshBuilder.obj) : warning LNK4099: PDB 'vc120.pdb' was not found with 'Common.lib(MeshBuilder.obj)' or at 'C:\Users\530\Desktop\SP3\NYP_Framework\Debug\vc120.pdb'; linking object as if no debug info
Common.lib(MeshList.obj) : warning LNK4099: PDB 'vc120.pdb' was not found with 'Common.lib(MeshList.obj)' or at 'C:\Users\530\Desktop\SP3\NYP_Framework\Debug\vc120.pdb'; linking object as if no debug info
Common.lib(MouseController.obj) : warning LNK4099: PDB 'vc120.pdb' was not found with 'Common.lib(MouseController.obj)' or at 'C:\Users\530\Desktop\SP3\NYP_Framework\Debug\vc120.pdb'; linking object as if no debug info
Common.lib(Mtx44.obj) : warning LNK4099: PDB 'vc120.pdb' was not found with 'Common.lib(Mtx44.obj)' or at 'C:\Users\530\Desktop\SP3\NYP_Framework\Debug\vc120.pdb'; linking object as if no debug info
Common.lib(RenderHelper.obj) : warning LNK4099: PDB 'vc120.pdb' was not found with 'Common.lib(RenderHelper.obj)' or at 'C:\Users\530\Desktop\SP3\NYP_Framework\Debug\vc120.pdb'; linking object as if no debug info
Common.lib(SceneManager.obj) : warning LNK4099: PDB 'vc120.pdb' was not found with 'Common.lib(SceneManager.obj)' or at 'C:\Users\530\Desktop\SP3\NYP_Framework\Debug\vc120.pdb'; linking object as if no debug info
Common.lib(ShaderProgram.obj) : warning LNK4099: PDB 'vc120.pdb' was not found with 'Common.lib(ShaderProgram.obj)' or at 'C:\Users\530\Desktop\SP3\NYP_Framework\Debug\vc120.pdb'; linking object as if no debug info
Common.lib(timer.obj) : warning LNK4099: PDB 'vc120.pdb' was not found with 'Common.lib(timer.obj)' or at 'C:\Users\530\Desktop\SP3\NYP_Framework\Debug\vc120.pdb'; linking object as if no debug info
Common.lib(Vector3.obj) : warning LNK4099: PDB 'vc120.pdb' was not found with 'Common.lib(Vector3.obj)' or at 'C:\Users\530\Desktop\SP3\NYP_Framework\Debug\vc120.pdb'; linking object as if no debug info
  Base.vcxproj -> C:\Users\530\Desktop\SP3\NYP_Framework\Debug\Base.exe
