  Win32Input.cpp
  Vector3.cpp
c:\users\530\desktop\sp3\nyp_framework\common\source\mymath.h(265): warning C4018: '<' : signed/unsigned mismatch
c:\users\530\desktop\sp3\nyp_framework\common\source\mymath.h(284): warning C4244: 'return' : conversion from 'unsigned __int64' to 'int', possible loss of data
c:\users\530\desktop\sp3\nyp_framework\common\source\mymath.h(300): warning C4244: 'return' : conversion from 'unsigned __int64' to 'int', possible loss of data
c:\users\530\desktop\sp3\nyp_framework\common\source\mymath.h(347): warning C4018: '<=' : signed/unsigned mismatch
c:\users\530\desktop\sp3\nyp_framework\common\source\mymath.h(369): warning C4244: 'return' : conversion from 'double' to 'int', possible loss of data
c:\users\530\desktop\sp3\nyp_framework\common\source\mymath.h(389): warning C4018: '<=' : signed/unsigned mismatch
  Vector2.cpp
  Utility.cpp
c:\users\530\desktop\sp3\nyp_framework\common\source\mymath.h(265): warning C4018: '<' : signed/unsigned mismatch
c:\users\530\desktop\sp3\nyp_framework\common\source\mymath.h(284): warning C4244: 'return' : conversion from 'unsigned __int64' to 'int', possible loss of data
c:\users\530\desktop\sp3\nyp_framework\common\source\mymath.h(300): warning C4244: 'return' : conversion from 'unsigned __int64' to 'int', possible loss of data
c:\users\530\desktop\sp3\nyp_framework\common\source\mymath.h(347): warning C4018: '<=' : signed/unsigned mismatch
c:\users\530\desktop\sp3\nyp_framework\common\source\mymath.h(369): warning C4244: 'return' : conversion from 'double' to 'int', possible loss of data
c:\users\530\desktop\sp3\nyp_framework\common\source\mymath.h(389): warning C4018: '<=' : signed/unsigned mismatch
  UIManager.cpp
c:\users\530\desktop\sp3\nyp_framework\common\source\mymath.h(265): warning C4018: '<' : signed/unsigned mismatch
c:\users\530\desktop\sp3\nyp_framework\common\source\mymath.h(284): warning C4244: 'return' : conversion from 'unsigned __int64' to 'int', possible loss of data
c:\users\530\desktop\sp3\nyp_framework\common\source\mymath.h(300): warning C4244: 'return' : conversion from 'unsigned __int64' to 'int', possible loss of data
c:\users\530\desktop\sp3\nyp_framework\common\source\mymath.h(347): warning C4018: '<=' : signed/unsigned mismatch
c:\users\530\desktop\sp3\nyp_framework\common\source\mymath.h(369): warning C4244: 'return' : conversion from 'double' to 'int', possible loss of data
c:\users\530\desktop\sp3\nyp_framework\common\source\mymath.h(389): warning C4018: '<=' : signed/unsigned mismatch
c:\users\530\desktop\sp3\nyp_framework\common\source\uimanager.h(7): fatal error C1083: Cannot open include file: 'Camera3.h': No such file or directory
  timer.cpp
  SpriteAnimation.cpp
c:\users\530\desktop\sp3\nyp_framework\common\source\mymath.h(265): warning C4018: '<' : signed/unsigned mismatch
c:\users\530\desktop\sp3\nyp_framework\common\source\mymath.h(284): warning C4244: 'return' : conversion from 'unsigned __int64' to 'int', possible loss of data
c:\users\530\desktop\sp3\nyp_framework\common\source\mymath.h(300): warning C4244: 'return' : conversion from 'unsigned __int64' to 'int', possible loss of data
c:\users\530\desktop\sp3\nyp_framework\common\source\mymath.h(347): warning C4018: '<=' : signed/unsigned mismatch
c:\users\530\desktop\sp3\nyp_framework\common\source\mymath.h(369): warning C4244: 'return' : conversion from 'double' to 'int', possible loss of data
c:\users\530\desktop\sp3\nyp_framework\common\source\mymath.h(389): warning C4018: '<=' : signed/unsigned mismatch
  ShaderProgram.cpp
c:\users\530\desktop\sp3\nyp_framework\common\source\mymath.h(265): warning C4018: '<' : signed/unsigned mismatch
c:\users\530\desktop\sp3\nyp_framework\common\source\mymath.h(284): warning C4244: 'return' : conversion from 'unsigned __int64' to 'int', possible loss of data
c:\users\530\desktop\sp3\nyp_framework\common\source\mymath.h(300): warning C4244: 'return' : conversion from 'unsigned __int64' to 'int', possible loss of data
c:\users\530\desktop\sp3\nyp_framework\common\source\mymath.h(347): warning C4018: '<=' : signed/unsigned mismatch
c:\users\530\desktop\sp3\nyp_framework\common\source\mymath.h(369): warning C4244: 'return' : conversion from 'double' to 'int', possible loss of data
c:\users\530\desktop\sp3\nyp_framework\common\source\mymath.h(389): warning C4018: '<=' : signed/unsigned mismatch
  SceneManager.cpp
  RenderHelper.cpp
c:\users\530\desktop\sp3\nyp_framework\common\source\mymath.h(265): warning C4018: '<' : signed/unsigned mismatch
c:\users\530\desktop\sp3\nyp_framework\common\source\mymath.h(284): warning C4244: 'return' : conversion from 'unsigned __int64' to 'int', possible loss of data
c:\users\530\desktop\sp3\nyp_framework\common\source\mymath.h(300): warning C4244: 'return' : conversion from 'unsigned __int64' to 'int', possible loss of data
c:\users\530\desktop\sp3\nyp_framework\common\source\mymath.h(347): warning C4018: '<=' : signed/unsigned mismatch
c:\users\530\desktop\sp3\nyp_framework\common\source\mymath.h(369): warning C4244: 'return' : conversion from 'double' to 'int', possible loss of data
c:\users\530\desktop\sp3\nyp_framework\common\source\mymath.h(389): warning C4018: '<=' : signed/unsigned mismatch
  Physic.cpp
c:\users\530\desktop\sp3\nyp_framework\common\source\mymath.h(265): warning C4018: '<' : signed/unsigned mismatch
c:\users\530\desktop\sp3\nyp_framework\common\source\mymath.h(284): warning C4244: 'return' : conversion from 'unsigned __int64' to 'int', possible loss of data
c:\users\530\desktop\sp3\nyp_framework\common\source\mymath.h(300): warning C4244: 'return' : conversion from 'unsigned __int64' to 'int', possible loss of data
c:\users\530\desktop\sp3\nyp_framework\common\source\mymath.h(347): warning C4018: '<=' : signed/unsigned mismatch
c:\users\530\desktop\sp3\nyp_framework\common\source\mymath.h(369): warning C4244: 'return' : conversion from 'double' to 'int', possible loss of data
c:\users\530\desktop\sp3\nyp_framework\common\source\mymath.h(389): warning C4018: '<=' : signed/unsigned mismatch
  Mtx44.cpp
c:\users\530\desktop\sp3\nyp_framework\common\source\mymath.h(265): warning C4018: '<' : signed/unsigned mismatch
c:\users\530\desktop\sp3\nyp_framework\common\source\mymath.h(284): warning C4244: 'return' : conversion from 'unsigned __int64' to 'int', possible loss of data
c:\users\530\desktop\sp3\nyp_framework\common\source\mymath.h(300): warning C4244: 'return' : conversion from 'unsigned __int64' to 'int', possible loss of data
c:\users\530\desktop\sp3\nyp_framework\common\source\mymath.h(347): warning C4018: '<=' : signed/unsigned mismatch
c:\users\530\desktop\sp3\nyp_framework\common\source\mymath.h(369): warning C4244: 'return' : conversion from 'double' to 'int', possible loss of data
c:\users\530\desktop\sp3\nyp_framework\common\source\mymath.h(389): warning C4018: '<=' : signed/unsigned mismatch
  MouseController.cpp
  MeshList.cpp
c:\users\530\desktop\sp3\nyp_framework\common\source\mymath.h(265): warning C4018: '<' : signed/unsigned mismatch
c:\users\530\desktop\sp3\nyp_framework\common\source\mymath.h(284): warning C4244: 'return' : conversion from 'unsigned __int64' to 'int', possible loss of data
c:\users\530\desktop\sp3\nyp_framework\common\source\mymath.h(300): warning C4244: 'return' : conversion from 'unsigned __int64' to 'int', possible loss of data
c:\users\530\desktop\sp3\nyp_framework\common\source\mymath.h(347): warning C4018: '<=' : signed/unsigned mismatch
c:\users\530\desktop\sp3\nyp_framework\common\source\mymath.h(369): warning C4244: 'return' : conversion from 'double' to 'int', possible loss of data
c:\users\530\desktop\sp3\nyp_framework\common\source\mymath.h(389): warning C4018: '<=' : signed/unsigned mismatch
  MeshBuilder.cpp
c:\users\530\desktop\sp3\nyp_framework\common\source\mymath.h(265): warning C4018: '<' : signed/unsigned mismatch
c:\users\530\desktop\sp3\nyp_framework\common\source\mymath.h(284): warning C4244: 'return' : conversion from 'unsigned __int64' to 'int', possible loss of data
c:\users\530\desktop\sp3\nyp_framework\common\source\mymath.h(300): warning C4244: 'return' : conversion from 'unsigned __int64' to 'int', possible loss of data
c:\users\530\desktop\sp3\nyp_framework\common\source\mymath.h(347): warning C4018: '<=' : signed/unsigned mismatch
c:\users\530\desktop\sp3\nyp_framework\common\source\mymath.h(369): warning C4244: 'return' : conversion from 'double' to 'int', possible loss of data
c:\users\530\desktop\sp3\nyp_framework\common\source\mymath.h(389): warning C4018: '<=' : signed/unsigned mismatch
c:\users\530\desktop\sp3\nyp_framework\common\source\meshbuilder.cpp(544): warning C4244: 'argument' : conversion from 'int' to 'float', possible loss of data
c:\users\530\desktop\sp3\nyp_framework\common\source\meshbuilder.cpp(545): warning C4244: 'argument' : conversion from 'int' to 'float', possible loss of data
  Mesh.cpp
c:\users\530\desktop\sp3\nyp_framework\common\source\mymath.h(265): warning C4018: '<' : signed/unsigned mismatch
c:\users\530\desktop\sp3\nyp_framework\common\source\mymath.h(284): warning C4244: 'return' : conversion from 'unsigned __int64' to 'int', possible loss of data
c:\users\530\desktop\sp3\nyp_framework\common\source\mymath.h(300): warning C4244: 'return' : conversion from 'unsigned __int64' to 'int', possible loss of data
c:\users\530\desktop\sp3\nyp_framework\common\source\mymath.h(347): warning C4018: '<=' : signed/unsigned mismatch
c:\users\530\desktop\sp3\nyp_framework\common\source\mymath.h(369): warning C4244: 'return' : conversion from 'double' to 'int', possible loss of data
c:\users\530\desktop\sp3\nyp_framework\common\source\mymath.h(389): warning C4018: '<=' : signed/unsigned mismatch
  MatrixStack.cpp
c:\users\530\desktop\sp3\nyp_framework\common\source\mymath.h(265): warning C4018: '<' : signed/unsigned mismatch
c:\users\530\desktop\sp3\nyp_framework\common\source\mymath.h(284): warning C4244: 'return' : conversion from 'unsigned __int64' to 'int', possible loss of data
c:\users\530\desktop\sp3\nyp_framework\common\source\mymath.h(300): warning C4244: 'return' : conversion from 'unsigned __int64' to 'int', possible loss of data
c:\users\530\desktop\sp3\nyp_framework\common\source\mymath.h(347): warning C4018: '<=' : signed/unsigned mismatch
c:\users\530\desktop\sp3\nyp_framework\common\source\mymath.h(369): warning C4244: 'return' : conversion from 'double' to 'int', possible loss of data
c:\users\530\desktop\sp3\nyp_framework\common\source\mymath.h(389): warning C4018: '<=' : signed/unsigned mismatch
  LoadTGA.cpp
  LoadOBJ.cpp
c:\users\530\desktop\sp3\nyp_framework\common\source\mymath.h(265): warning C4018: '<' : signed/unsigned mismatch
c:\users\530\desktop\sp3\nyp_framework\common\source\mymath.h(284): warning C4244: 'return' : conversion from 'unsigned __int64' to 'int', possible loss of data
c:\users\530\desktop\sp3\nyp_framework\common\source\mymath.h(300): warning C4244: 'return' : conversion from 'unsigned __int64' to 'int', possible loss of data
c:\users\530\desktop\sp3\nyp_framework\common\source\mymath.h(347): warning C4018: '<=' : signed/unsigned mismatch
c:\users\530\desktop\sp3\nyp_framework\common\source\mymath.h(369): warning C4244: 'return' : conversion from 'double' to 'int', possible loss of data
c:\users\530\desktop\sp3\nyp_framework\common\source\mymath.h(389): warning C4018: '<=' : signed/unsigned mismatch
  Loader.cpp
  Generating Code...
  Compiling...
  LightBase.cpp
  KeyboardController.cpp
  GraphicsManager.cpp
c:\users\530\desktop\sp3\nyp_framework\common\source\mymath.h(265): warning C4018: '<' : signed/unsigned mismatch
c:\users\530\desktop\sp3\nyp_framework\common\source\mymath.h(284): warning C4244: 'return' : conversion from 'unsigned __int64' to 'int', possible loss of data
c:\users\530\desktop\sp3\nyp_framework\common\source\mymath.h(300): warning C4244: 'return' : conversion from 'unsigned __int64' to 'int', possible loss of data
c:\users\530\desktop\sp3\nyp_framework\common\source\mymath.h(347): warning C4018: '<=' : signed/unsigned mismatch
c:\users\530\desktop\sp3\nyp_framework\common\source\mymath.h(369): warning C4244: 'return' : conversion from 'double' to 'int', possible loss of data
c:\users\530\desktop\sp3\nyp_framework\common\source\mymath.h(389): warning C4018: '<=' : signed/unsigned mismatch
  EntityBase.cpp
c:\users\530\desktop\sp3\nyp_framework\common\source\mymath.h(265): warning C4018: '<' : signed/unsigned mismatch
c:\users\530\desktop\sp3\nyp_framework\common\source\mymath.h(284): warning C4244: 'return' : conversion from 'unsigned __int64' to 'int', possible loss of data
c:\users\530\desktop\sp3\nyp_framework\common\source\mymath.h(300): warning C4244: 'return' : conversion from 'unsigned __int64' to 'int', possible loss of data
c:\users\530\desktop\sp3\nyp_framework\common\source\mymath.h(347): warning C4018: '<=' : signed/unsigned mismatch
c:\users\530\desktop\sp3\nyp_framework\common\source\mymath.h(369): warning C4244: 'return' : conversion from 'double' to 'int', possible loss of data
c:\users\530\desktop\sp3\nyp_framework\common\source\mymath.h(389): warning C4018: '<=' : signed/unsigned mismatch
  Collider.cpp
c:\users\530\desktop\sp3\nyp_framework\common\source\mymath.h(265): warning C4018: '<' : signed/unsigned mismatch
c:\users\530\desktop\sp3\nyp_framework\common\source\mymath.h(284): warning C4244: 'return' : conversion from 'unsigned __int64' to 'int', possible loss of data
c:\users\530\desktop\sp3\nyp_framework\common\source\mymath.h(300): warning C4244: 'return' : conversion from 'unsigned __int64' to 'int', possible loss of data
c:\users\530\desktop\sp3\nyp_framework\common\source\mymath.h(347): warning C4018: '<=' : signed/unsigned mismatch
c:\users\530\desktop\sp3\nyp_framework\common\source\mymath.h(369): warning C4244: 'return' : conversion from 'double' to 'int', possible loss of data
c:\users\530\desktop\sp3\nyp_framework\common\source\mymath.h(389): warning C4018: '<=' : signed/unsigned mismatch
  CameraBase.cpp
c:\users\530\desktop\sp3\nyp_framework\common\source\mymath.h(265): warning C4018: '<' : signed/unsigned mismatch
c:\users\530\desktop\sp3\nyp_framework\common\source\mymath.h(284): warning C4244: 'return' : conversion from 'unsigned __int64' to 'int', possible loss of data
c:\users\530\desktop\sp3\nyp_framework\common\source\mymath.h(300): warning C4244: 'return' : conversion from 'unsigned __int64' to 'int', possible loss of data
c:\users\530\desktop\sp3\nyp_framework\common\source\mymath.h(347): warning C4018: '<=' : signed/unsigned mismatch
c:\users\530\desktop\sp3\nyp_framework\common\source\mymath.h(369): warning C4244: 'return' : conversion from 'double' to 'int', possible loss of data
c:\users\530\desktop\sp3\nyp_framework\common\source\mymath.h(389): warning C4018: '<=' : signed/unsigned mismatch
  BaseDatabase.cpp
  Generating Code...
